<?xml version="1.0" encoding="UTF-8"?>
<testng-results ignored="0" total="19" passed="19" failed="0" skipped="0">
  <reporter-output>
  </reporter-output>
  <suite started-at="2022-10-23T19:05:27Z" name="Default suite" finished-at="2022-10-23T19:05:28Z" duration-ms="1609">
    <groups>
      <group name="cucumber">
        <method signature="AbstractTestNGCucumberTests.runScenario(io.cucumber.testng.PickleWrapper, io.cucumber.testng.FeatureWrapper)[pri:0, instance:com.smarttechqa.runner.FeatureRunner@4372b9b6]" name="runScenario" class="io.cucumber.testng.AbstractTestNGCucumberTests"/>
      </group> <!-- cucumber -->
    </groups>
    <test started-at="2022-10-23T19:05:27Z" name="Default test" finished-at="2022-10-23T19:05:28Z" duration-ms="1609">
      <class name="com.smarttechqa.runner.FeatureRunner">
        <test-method is-config="true" signature="setUpClass(org.testng.ITestContext)[pri:0, instance:com.smarttechqa.runner.FeatureRunner@4372b9b6]" started-at="2022-10-23T19:05:27Z" name="setUpClass" finished-at="2022-10-23T19:05:27Z" duration-ms="481" status="PASS">
          <params>
            <param index="0">
              <value>
                <![CDATA[org.testng.TestRunner@34a0ef00]]>
              </value>
            </param>
          </params>
          <reporter-output>
          </reporter-output>
        </test-method> <!-- setUpClass -->
        <test-method is-config="true" signature="beforeClass(java.lang.String)[pri:0, instance:com.smarttechqa.runner.FeatureRunner@4372b9b6]" started-at="2022-10-23T19:05:27Z" name="beforeClass" finished-at="2022-10-23T19:05:27Z" duration-ms="3" status="PASS">
          <params>
            <param index="0">
              <value>
                <![CDATA[firefox]]>
              </value>
            </param>
          </params>
          <reporter-output>
          </reporter-output>
        </test-method> <!-- beforeClass -->
        <test-method signature="runScenario(io.cucumber.testng.PickleWrapper, io.cucumber.testng.FeatureWrapper)[pri:0, instance:com.smarttechqa.runner.FeatureRunner@4372b9b6]" started-at="2022-10-23T19:05:27Z" name="runScenario" description="Runs Cucumber Scenarios" data-provider="scenarios" finished-at="2022-10-23T19:05:27Z" duration-ms="222" status="PASS">
          <params>
            <param index="0">
              <value>
                <![CDATA["User clicks on an item from the homepage and adds the item to the cart"]]>
              </value>
            </param>
            <param index="1">
              <value>
                <![CDATA["User is able to add items to cart"]]>
              </value>
            </param>
          </params>
          <reporter-output>
          </reporter-output>
        </test-method> <!-- runScenario -->
        <test-method signature="runScenario(io.cucumber.testng.PickleWrapper, io.cucumber.testng.FeatureWrapper)[pri:0, instance:com.smarttechqa.runner.FeatureRunner@4372b9b6]" started-at="2022-10-23T19:05:27Z" name="runScenario" description="Runs Cucumber Scenarios" data-provider="scenarios" finished-at="2022-10-23T19:05:27Z" duration-ms="29" status="PASS">
          <params>
            <param index="0">
              <value>
                <![CDATA["User can hover over their username"]]>
              </value>
            </param>
            <param index="1">
              <value>
                <![CDATA["User is able to add items to cart"]]>
              </value>
            </param>
          </params>
          <reporter-output>
          </reporter-output>
        </test-method> <!-- runScenario -->
        <test-method signature="runScenario(io.cucumber.testng.PickleWrapper, io.cucumber.testng.FeatureWrapper)[pri:0, instance:com.smarttechqa.runner.FeatureRunner@4372b9b6]" started-at="2022-10-23T19:05:27Z" name="runScenario" description="Runs Cucumber Scenarios" data-provider="scenarios" finished-at="2022-10-23T19:05:28Z" duration-ms="21" status="PASS">
          <params>
            <param index="0">
              <value>
                <![CDATA["User can perform Multi Select"]]>
              </value>
            </param>
            <param index="1">
              <value>
                <![CDATA["Contact Us Page"]]>
              </value>
            </param>
          </params>
          <reporter-output>
          </reporter-output>
        </test-method> <!-- runScenario -->
        <test-method signature="runScenario(io.cucumber.testng.PickleWrapper, io.cucumber.testng.FeatureWrapper)[pri:0, instance:com.smarttechqa.runner.FeatureRunner@4372b9b6]" started-at="2022-10-23T19:05:28Z" name="runScenario" description="Runs Cucumber Scenarios" data-provider="scenarios" finished-at="2022-10-23T19:05:28Z" duration-ms="26" status="PASS">
          <params>
            <param index="0">
              <value>
                <![CDATA["User can click on the checkboxes"]]>
              </value>
            </param>
            <param index="1">
              <value>
                <![CDATA["Contact Us Page"]]>
              </value>
            </param>
          </params>
          <reporter-output>
          </reporter-output>
        </test-method> <!-- runScenario -->
        <test-method signature="runScenario(io.cucumber.testng.PickleWrapper, io.cucumber.testng.FeatureWrapper)[pri:0, instance:com.smarttechqa.runner.FeatureRunner@4372b9b6]" started-at="2022-10-23T19:05:28Z" name="runScenario" description="Runs Cucumber Scenarios" data-provider="scenarios" finished-at="2022-10-23T19:05:28Z" duration-ms="21" status="PASS">
          <params>
            <param index="0">
              <value>
                <![CDATA["User can open a new tab window and switch"]]>
              </value>
            </param>
            <param index="1">
              <value>
                <![CDATA["Contact Us Page"]]>
              </value>
            </param>
          </params>
          <reporter-output>
          </reporter-output>
        </test-method> <!-- runScenario -->
        <test-method signature="runScenario(io.cucumber.testng.PickleWrapper, io.cucumber.testng.FeatureWrapper)[pri:0, instance:com.smarttechqa.runner.FeatureRunner@4372b9b6]" started-at="2022-10-23T19:05:28Z" name="runScenario" description="Runs Cucumber Scenarios" data-provider="scenarios" finished-at="2022-10-23T19:05:28Z" duration-ms="28" status="PASS">
          <params>
            <param index="0">
              <value>
                <![CDATA["User is able to search the products"]]>
              </value>
            </param>
            <param index="1">
              <value>
                <![CDATA["Testing Login fuctionality to the application"]]>
              </value>
            </param>
          </params>
          <reporter-output>
          </reporter-output>
        </test-method> <!-- runScenario -->
        <test-method signature="runScenario(io.cucumber.testng.PickleWrapper, io.cucumber.testng.FeatureWrapper)[pri:0, instance:com.smarttechqa.runner.FeatureRunner@4372b9b6]" started-at="2022-10-23T19:05:28Z" name="runScenario" description="Runs Cucumber Scenarios" data-provider="scenarios" finished-at="2022-10-23T19:05:28Z" duration-ms="36" status="PASS">
          <params>
            <param index="0">
              <value>
                <![CDATA["User is able to click on the latest products from the home page"]]>
              </value>
            </param>
            <param index="1">
              <value>
                <![CDATA["Testing Login fuctionality to the application"]]>
              </value>
            </param>
          </params>
          <reporter-output>
          </reporter-output>
        </test-method> <!-- runScenario -->
        <test-method signature="runScenario(io.cucumber.testng.PickleWrapper, io.cucumber.testng.FeatureWrapper)[pri:0, instance:com.smarttechqa.runner.FeatureRunner@4372b9b6]" started-at="2022-10-23T19:05:28Z" name="runScenario" description="Runs Cucumber Scenarios" data-provider="scenarios" finished-at="2022-10-23T19:05:28Z" duration-ms="32" status="PASS">
          <params>
            <param index="0">
              <value>
                <![CDATA["User is able to click on the cart button"]]>
              </value>
            </param>
            <param index="1">
              <value>
                <![CDATA["Testing Login fuctionality to the application"]]>
              </value>
            </param>
          </params>
          <reporter-output>
          </reporter-output>
        </test-method> <!-- runScenario -->
        <test-method signature="runScenario(io.cucumber.testng.PickleWrapper, io.cucumber.testng.FeatureWrapper)[pri:0, instance:com.smarttechqa.runner.FeatureRunner@4372b9b6]" started-at="2022-10-23T19:05:28Z" name="runScenario" description="Runs Cucumber Scenarios" data-provider="scenarios" finished-at="2022-10-23T19:05:28Z" duration-ms="27" status="PASS">
          <params>
            <param index="0">
              <value>
                <![CDATA["This is a scenario without a given or when"]]>
              </value>
            </param>
            <param index="1">
              <value>
                <![CDATA["Testing Login fuctionality to the application"]]>
              </value>
            </param>
          </params>
          <reporter-output>
          </reporter-output>
        </test-method> <!-- runScenario -->
        <test-method signature="runScenario(io.cucumber.testng.PickleWrapper, io.cucumber.testng.FeatureWrapper)[pri:0, instance:com.smarttechqa.runner.FeatureRunner@4372b9b6]" started-at="2022-10-23T19:05:28Z" name="runScenario" description="Runs Cucumber Scenarios" data-provider="scenarios" finished-at="2022-10-23T19:05:28Z" duration-ms="14" status="PASS">
          <params>
            <param index="0">
              <value>
                <![CDATA["This scenario tests all the invalid username and password"]]>
              </value>
            </param>
            <param index="1">
              <value>
                <![CDATA["Testing Login fuctionality to the application"]]>
              </value>
            </param>
          </params>
          <reporter-output>
          </reporter-output>
        </test-method> <!-- runScenario -->
        <test-method signature="runScenario(io.cucumber.testng.PickleWrapper, io.cucumber.testng.FeatureWrapper)[pri:0, instance:com.smarttechqa.runner.FeatureRunner@4372b9b6]" started-at="2022-10-23T19:05:28Z" name="runScenario" description="Runs Cucumber Scenarios" data-provider="scenarios" finished-at="2022-10-23T19:05:28Z" duration-ms="16" status="PASS">
          <params>
            <param index="0">
              <value>
                <![CDATA["This scenario tests all the invalid username and password"]]>
              </value>
            </param>
            <param index="1">
              <value>
                <![CDATA["Testing Login fuctionality to the application"]]>
              </value>
            </param>
          </params>
          <reporter-output>
          </reporter-output>
        </test-method> <!-- runScenario -->
        <test-method signature="runScenario(io.cucumber.testng.PickleWrapper, io.cucumber.testng.FeatureWrapper)[pri:0, instance:com.smarttechqa.runner.FeatureRunner@4372b9b6]" started-at="2022-10-23T19:05:28Z" name="runScenario" description="Runs Cucumber Scenarios" data-provider="scenarios" finished-at="2022-10-23T19:05:28Z" duration-ms="12" status="PASS">
          <params>
            <param index="0">
              <value>
                <![CDATA["This scenario tests all the invalid username and password"]]>
              </value>
            </param>
            <param index="1">
              <value>
                <![CDATA["Testing Login fuctionality to the application"]]>
              </value>
            </param>
          </params>
          <reporter-output>
          </reporter-output>
        </test-method> <!-- runScenario -->
        <test-method signature="runScenario(io.cucumber.testng.PickleWrapper, io.cucumber.testng.FeatureWrapper)[pri:0, instance:com.smarttechqa.runner.FeatureRunner@4372b9b6]" started-at="2022-10-23T19:05:28Z" name="runScenario" description="Runs Cucumber Scenarios" data-provider="scenarios" finished-at="2022-10-23T19:05:28Z" duration-ms="24" status="PASS">
          <params>
            <param index="0">
              <value>
                <![CDATA["This scenario tests all the invalid username and password"]]>
              </value>
            </param>
            <param index="1">
              <value>
                <![CDATA["Testing Login fuctionality to the application"]]>
              </value>
            </param>
          </params>
          <reporter-output>
          </reporter-output>
        </test-method> <!-- runScenario -->
        <test-method signature="runScenario(io.cucumber.testng.PickleWrapper, io.cucumber.testng.FeatureWrapper)[pri:0, instance:com.smarttechqa.runner.FeatureRunner@4372b9b6]" started-at="2022-10-23T19:05:28Z" name="runScenario" description="Runs Cucumber Scenarios" data-provider="scenarios" finished-at="2022-10-23T19:05:28Z" duration-ms="27" status="PASS">
          <params>
            <param index="0">
              <value>
                <![CDATA["User should be able to click on the upload button"]]>
              </value>
            </param>
            <param index="1">
              <value>
                <![CDATA["User should be able to go to reports page"]]>
              </value>
            </param>
          </params>
          <reporter-output>
          </reporter-output>
        </test-method> <!-- runScenario -->
        <test-method signature="runScenario(io.cucumber.testng.PickleWrapper, io.cucumber.testng.FeatureWrapper)[pri:0, instance:com.smarttechqa.runner.FeatureRunner@4372b9b6]" started-at="2022-10-23T19:05:28Z" name="runScenario" description="Runs Cucumber Scenarios" data-provider="scenarios" finished-at="2022-10-23T19:05:28Z" duration-ms="20" status="PASS">
          <params>
            <param index="0">
              <value>
                <![CDATA["User should be able to handle alert with Ok button"]]>
              </value>
            </param>
            <param index="1">
              <value>
                <![CDATA["User should be able to go to reports page"]]>
              </value>
            </param>
          </params>
          <reporter-output>
          </reporter-output>
        </test-method> <!-- runScenario -->
        <test-method signature="runScenario(io.cucumber.testng.PickleWrapper, io.cucumber.testng.FeatureWrapper)[pri:0, instance:com.smarttechqa.runner.FeatureRunner@4372b9b6]" started-at="2022-10-23T19:05:28Z" name="runScenario" description="Runs Cucumber Scenarios" data-provider="scenarios" finished-at="2022-10-23T19:05:28Z" duration-ms="24" status="PASS">
          <params>
            <param index="0">
              <value>
                <![CDATA["User should be able to handle alert by cancelling"]]>
              </value>
            </param>
            <param index="1">
              <value>
                <![CDATA["User should be able to go to reports page"]]>
              </value>
            </param>
          </params>
          <reporter-output>
          </reporter-output>
        </test-method> <!-- runScenario -->
        <test-method signature="runScenario(io.cucumber.testng.PickleWrapper, io.cucumber.testng.FeatureWrapper)[pri:0, instance:com.smarttechqa.runner.FeatureRunner@4372b9b6]" started-at="2022-10-23T19:05:28Z" name="runScenario" description="Runs Cucumber Scenarios" data-provider="scenarios" finished-at="2022-10-23T19:05:28Z" duration-ms="18" status="PASS">
          <params>
            <param index="0">
              <value>
                <![CDATA["User is able to search for an item using the search box"]]>
              </value>
            </param>
            <param index="1">
              <value>
                <![CDATA["Search items in application"]]>
              </value>
            </param>
          </params>
          <reporter-output>
          </reporter-output>
        </test-method> <!-- runScenario -->
        <test-method signature="runScenario(io.cucumber.testng.PickleWrapper, io.cucumber.testng.FeatureWrapper)[pri:0, instance:com.smarttechqa.runner.FeatureRunner@4372b9b6]" started-at="2022-10-23T19:05:28Z" name="runScenario" description="Runs Cucumber Scenarios" data-provider="scenarios" finished-at="2022-10-23T19:05:28Z" duration-ms="12" status="PASS">
          <params>
            <param index="0">
              <value>
                <![CDATA["User is able to drag and drop items"]]>
              </value>
            </param>
            <param index="1">
              <value>
                <![CDATA["Drag and Drop and switch to iframe demo"]]>
              </value>
            </param>
          </params>
          <reporter-output>
          </reporter-output>
        </test-method> <!-- runScenario -->
        <test-method signature="runScenario(io.cucumber.testng.PickleWrapper, io.cucumber.testng.FeatureWrapper)[pri:0, instance:com.smarttechqa.runner.FeatureRunner@4372b9b6]" started-at="2022-10-23T19:05:28Z" name="runScenario" description="Runs Cucumber Scenarios" data-provider="scenarios" finished-at="2022-10-23T19:05:28Z" duration-ms="15" status="PASS">
          <params>
            <param index="0">
              <value>
                <![CDATA["User is able to switch to iframe"]]>
              </value>
            </param>
            <param index="1">
              <value>
                <![CDATA["Drag and Drop and switch to iframe demo"]]>
              </value>
            </param>
          </params>
          <reporter-output>
          </reporter-output>
        </test-method> <!-- runScenario -->
        <test-method is-config="true" signature="afterClass()[pri:0, instance:com.smarttechqa.runner.FeatureRunner@4372b9b6]" started-at="2022-10-23T19:05:28Z" name="afterClass" finished-at="2022-10-23T19:05:28Z" duration-ms="0" status="PASS">
          <reporter-output>
          </reporter-output>
        </test-method> <!-- afterClass -->
        <test-method is-config="true" signature="tearDownClass()[pri:0, instance:com.smarttechqa.runner.FeatureRunner@4372b9b6]" started-at="2022-10-23T19:05:28Z" name="tearDownClass" finished-at="2022-10-23T19:05:28Z" duration-ms="441" status="PASS">
          <reporter-output>
          </reporter-output>
        </test-method> <!-- tearDownClass -->
      </class> <!-- com.smarttechqa.runner.FeatureRunner -->
    </test> <!-- Default test -->
  </suite> <!-- Default suite -->
</testng-results>
